<?xml version="1.0" encoding="UTF-8"?>
<!-- Generated by org.testng.reporters.JUnitXMLReporter -->
<testsuite ignored="0" hostname="LAPTOP-3O5B4B3K" failures="0" tests="3" name="Default test" time="23.229" errors="0" timestamp="2025-12-24T12:45:14 IST">
  <testcase classname="tests.LoginTest" name="testValidLogin" time="5.525"/>
  <testcase classname="tests.LoginTest" name="testValidLogin" time="5.441"/>
  <testcase classname="tests.LoginTest" name="testValidLogin" time="5.477"/>
</testsuite> <!-- Default test -->
