<?xml version="1.0" encoding="UTF-8"?>
<!-- Generated by org.testng.reporters.JUnitXMLReporter -->
<testsuite ignored="0" hostname="LAPTOP-3O5B4B3K" failures="0" tests="3" name="Default test" time="25.861" errors="0" timestamp="2026-01-05T12:58:34 IST">
  <testcase classname="tests.LoginTest" name="testValidLogin" time="5.57"/>
  <testcase classname="tests.LoginTest" name="testValidLogin" time="5.504"/>
  <testcase classname="tests.LoginTest" name="testValidLogin" time="5.594"/>
</testsuite> <!-- Default test -->
