<?xml version="1.0" encoding="UTF-8"?>
<testng-results ignored="0" total="1" passed="1" failed="0" skipped="0">
  <reporter-output>
  </reporter-output>
  <suite started-at="2025-12-21T20:16:22 IST" name="LoginSuite" finished-at="2025-12-21T20:16:28 IST" duration-ms="6157">
    <groups>
    </groups>
    <test started-at="2025-12-21T20:16:22 IST" name="LoginTest" finished-at="2025-12-21T20:16:28 IST" duration-ms="6157">
      <class name="tests.LoginTest">
        <test-method is-config="true" signature="setUp()[pri:0, instance:tests.LoginTest@6b927fb]" started-at="2025-12-21T20:16:22 IST" name="setUp" finished-at="2025-12-21T20:16:25 IST" duration-ms="3028" status="PASS">
          <reporter-output>
          </reporter-output>
        </test-method> <!-- setUp -->
        <test-method signature="testValidLogin()[pri:0, instance:tests.LoginTest@6b927fb]" started-at="2025-12-21T20:16:25 IST" name="testValidLogin" finished-at="2025-12-21T20:16:28 IST" duration-ms="2890" status="PASS">
          <reporter-output>
          </reporter-output>
        </test-method> <!-- testValidLogin -->
        <test-method is-config="true" signature="tearDown()[pri:0, instance:tests.LoginTest@6b927fb]" started-at="2025-12-21T20:16:28 IST" name="tearDown" finished-at="2025-12-21T20:16:28 IST" duration-ms="202" status="PASS">
          <reporter-output>
          </reporter-output>
        </test-method> <!-- tearDown -->
      </class> <!-- tests.LoginTest -->
    </test> <!-- LoginTest -->
  </suite> <!-- LoginSuite -->
</testng-results>
