<?xml version="1.0" encoding="UTF-8"?>
<testng-results ignored="0" total="3" passed="3" failed="0" skipped="0">
  <reporter-output>
  </reporter-output>
  <suite started-at="2025-12-24T12:44:51 IST" name="Default suite" finished-at="2025-12-24T12:45:14 IST" duration-ms="23229">
    <groups>
    </groups>
    <test started-at="2025-12-24T12:44:51 IST" name="Default test" finished-at="2025-12-24T12:45:14 IST" duration-ms="23229">
      <class name="tests.LoginTest">
        <test-method is-config="true" signature="setupReport()[pri:0, instance:tests.LoginTest@692f203f]" started-at="2025-12-24T12:44:50 IST" name="setupReport" finished-at="2025-12-24T12:44:51 IST" duration-ms="163" status="PASS">
          <reporter-output>
          </reporter-output>
        </test-method> <!-- setupReport -->
        <test-method is-config="true" signature="setUp()[pri:0, instance:tests.LoginTest@692f203f]" started-at="2025-12-24T12:44:51 IST" name="setUp" finished-at="2025-12-24T12:44:54 IST" duration-ms="2303" status="PASS">
          <reporter-output>
          </reporter-output>
        </test-method> <!-- setUp -->
        <test-method signature="testValidLogin(java.lang.String,java.lang.String)[pri:0, instance:tests.LoginTest@692f203f]" started-at="2025-12-24T12:44:54 IST" name="testValidLogin" data-provider="LoginData" finished-at="2025-12-24T12:44:59 IST" duration-ms="5525" status="PASS">
          <params>
            <param index="0">
              <value>
                <![CDATA[user1]]>
              </value>
            </param>
            <param index="1">
              <value>
                <![CDATA[pass1]]>
              </value>
            </param>
          </params>
          <reporter-output>
          </reporter-output>
        </test-method> <!-- testValidLogin -->
        <test-method is-config="true" signature="tearDown(org.testng.ITestResult)[pri:0, instance:tests.LoginTest@692f203f]" started-at="2025-12-24T12:44:59 IST" name="tearDown" finished-at="2025-12-24T12:44:59 IST" duration-ms="182" status="PASS">
          <params>
            <param index="0">
              <value>
                <![CDATA[[TestResult name=testValidLogin status=SUCCESS method=LoginTest.testValidLogin(java.lang.String,java.lang.String)[pri:0, instance:tests.LoginTest@692f203f] output={null}]]]>
              </value>
            </param>
          </params>
          <reporter-output>
          </reporter-output>
        </test-method> <!-- tearDown -->
        <test-method is-config="true" signature="setUp()[pri:0, instance:tests.LoginTest@692f203f]" started-at="2025-12-24T12:44:59 IST" name="setUp" finished-at="2025-12-24T12:45:01 IST" duration-ms="1572" status="PASS">
          <reporter-output>
          </reporter-output>
        </test-method> <!-- setUp -->
        <test-method signature="testValidLogin(java.lang.String,java.lang.String)[pri:0, instance:tests.LoginTest@692f203f]" started-at="2025-12-24T12:45:01 IST" name="testValidLogin" data-provider="LoginData" finished-at="2025-12-24T12:45:06 IST" duration-ms="5441" status="PASS">
          <params>
            <param index="0">
              <value>
                <![CDATA[user2]]>
              </value>
            </param>
            <param index="1">
              <value>
                <![CDATA[pass2]]>
              </value>
            </param>
          </params>
          <reporter-output>
          </reporter-output>
        </test-method> <!-- testValidLogin -->
        <test-method is-config="true" signature="tearDown(org.testng.ITestResult)[pri:0, instance:tests.LoginTest@692f203f]" started-at="2025-12-24T12:45:06 IST" name="tearDown" finished-at="2025-12-24T12:45:07 IST" duration-ms="215" status="PASS">
          <params>
            <param index="0">
              <value>
                <![CDATA[[TestResult name=testValidLogin status=SUCCESS method=LoginTest.testValidLogin(java.lang.String,java.lang.String)[pri:0, instance:tests.LoginTest@692f203f] output={null}]]]>
              </value>
            </param>
          </params>
          <reporter-output>
          </reporter-output>
        </test-method> <!-- tearDown -->
        <test-method is-config="true" signature="setUp()[pri:0, instance:tests.LoginTest@692f203f]" started-at="2025-12-24T12:45:07 IST" name="setUp" finished-at="2025-12-24T12:45:08 IST" duration-ms="1506" status="PASS">
          <reporter-output>
          </reporter-output>
        </test-method> <!-- setUp -->
        <test-method signature="testValidLogin(java.lang.String,java.lang.String)[pri:0, instance:tests.LoginTest@692f203f]" started-at="2025-12-24T12:45:08 IST" name="testValidLogin" data-provider="LoginData" finished-at="2025-12-24T12:45:13 IST" duration-ms="5477" status="PASS">
          <params>
            <param index="0">
              <value>
                <![CDATA[onkeshwarnath@gmail.com]]>
              </value>
            </param>
            <param index="1">
              <value>
                <![CDATA[Archana@151090]]>
              </value>
            </param>
          </params>
          <reporter-output>
          </reporter-output>
        </test-method> <!-- testValidLogin -->
        <test-method is-config="true" signature="tearDown(org.testng.ITestResult)[pri:0, instance:tests.LoginTest@692f203f]" started-at="2025-12-24T12:45:14 IST" name="tearDown" finished-at="2025-12-24T12:45:14 IST" duration-ms="229" status="PASS">
          <params>
            <param index="0">
              <value>
                <![CDATA[[TestResult name=testValidLogin status=SUCCESS method=LoginTest.testValidLogin(java.lang.String,java.lang.String)[pri:0, instance:tests.LoginTest@692f203f] output={null}]]]>
              </value>
            </param>
          </params>
          <reporter-output>
          </reporter-output>
        </test-method> <!-- tearDown -->
        <test-method is-config="true" signature="teardownReport()[pri:0, instance:tests.LoginTest@692f203f]" started-at="2025-12-24T12:45:14 IST" name="teardownReport" finished-at="2025-12-24T12:45:14 IST" duration-ms="195" status="PASS">
          <reporter-output>
          </reporter-output>
        </test-method> <!-- teardownReport -->
      </class> <!-- tests.LoginTest -->
    </test> <!-- Default test -->
  </suite> <!-- Default suite -->
</testng-results>
