<?xml version="1.0" encoding="UTF-8"?>
<testng-results ignored="0" total="3" passed="3" failed="0" skipped="0">
  <reporter-output>
  </reporter-output>
  <suite started-at="2026-01-05T12:58:08 IST" name="Default suite" finished-at="2026-01-05T12:58:34 IST" duration-ms="25861">
    <groups>
    </groups>
    <test started-at="2026-01-05T12:58:08 IST" name="Default test" finished-at="2026-01-05T12:58:34 IST" duration-ms="25861">
      <class name="tests.LoginTest">
        <test-method is-config="true" signature="setupReport()[pri:0, instance:tests.LoginTest@692f203f]" started-at="2026-01-05T12:58:08 IST" name="setupReport" finished-at="2026-01-05T12:58:08 IST" duration-ms="259" status="PASS">
          <reporter-output>
          </reporter-output>
        </test-method> <!-- setupReport -->
        <test-method is-config="true" signature="setUp()[pri:0, instance:tests.LoginTest@692f203f]" started-at="2026-01-05T12:58:09 IST" name="setUp" finished-at="2026-01-05T12:58:12 IST" duration-ms="3338" status="PASS">
          <reporter-output>
          </reporter-output>
        </test-method> <!-- setUp -->
        <test-method signature="testValidLogin(java.lang.String,java.lang.String)[pri:0, instance:tests.LoginTest@692f203f]" started-at="2026-01-05T12:58:12 IST" name="testValidLogin" data-provider="LoginData" finished-at="2026-01-05T12:58:18 IST" duration-ms="5570" status="PASS">
          <params>
            <param index="0">
              <value>
                <![CDATA[user1]]>
              </value>
            </param>
            <param index="1">
              <value>
                <![CDATA[pass1]]>
              </value>
            </param>
          </params>
          <reporter-output>
          </reporter-output>
        </test-method> <!-- testValidLogin -->
        <test-method is-config="true" signature="tearDown(org.testng.ITestResult)[pri:0, instance:tests.LoginTest@692f203f]" started-at="2026-01-05T12:58:18 IST" name="tearDown" finished-at="2026-01-05T12:58:18 IST" duration-ms="205" status="PASS">
          <params>
            <param index="0">
              <value>
                <![CDATA[[TestResult name=testValidLogin status=SUCCESS method=LoginTest.testValidLogin(java.lang.String,java.lang.String)[pri:0, instance:tests.LoginTest@692f203f] output={null}]]]>
              </value>
            </param>
          </params>
          <reporter-output>
          </reporter-output>
        </test-method> <!-- tearDown -->
        <test-method is-config="true" signature="setUp()[pri:0, instance:tests.LoginTest@692f203f]" started-at="2026-01-05T12:58:18 IST" name="setUp" finished-at="2026-01-05T12:58:20 IST" duration-ms="1543" status="PASS">
          <reporter-output>
          </reporter-output>
        </test-method> <!-- setUp -->
        <test-method signature="testValidLogin(java.lang.String,java.lang.String)[pri:0, instance:tests.LoginTest@692f203f]" started-at="2026-01-05T12:58:20 IST" name="testValidLogin" data-provider="LoginData" finished-at="2026-01-05T12:58:25 IST" duration-ms="5504" status="PASS">
          <params>
            <param index="0">
              <value>
                <![CDATA[user2]]>
              </value>
            </param>
            <param index="1">
              <value>
                <![CDATA[pass2]]>
              </value>
            </param>
          </params>
          <reporter-output>
          </reporter-output>
        </test-method> <!-- testValidLogin -->
        <test-method is-config="true" signature="tearDown(org.testng.ITestResult)[pri:0, instance:tests.LoginTest@692f203f]" started-at="2026-01-05T12:58:25 IST" name="tearDown" finished-at="2026-01-05T12:58:25 IST" duration-ms="197" status="PASS">
          <params>
            <param index="0">
              <value>
                <![CDATA[[TestResult name=testValidLogin status=SUCCESS method=LoginTest.testValidLogin(java.lang.String,java.lang.String)[pri:0, instance:tests.LoginTest@692f203f] output={null}]]]>
              </value>
            </param>
          </params>
          <reporter-output>
          </reporter-output>
        </test-method> <!-- tearDown -->
        <test-method is-config="true" signature="setUp()[pri:0, instance:tests.LoginTest@692f203f]" started-at="2026-01-05T12:58:25 IST" name="setUp" finished-at="2026-01-05T12:58:28 IST" duration-ms="2608" status="PASS">
          <reporter-output>
          </reporter-output>
        </test-method> <!-- setUp -->
        <test-method signature="testValidLogin(java.lang.String,java.lang.String)[pri:0, instance:tests.LoginTest@692f203f]" started-at="2026-01-05T12:58:28 IST" name="testValidLogin" data-provider="LoginData" finished-at="2026-01-05T12:58:34 IST" duration-ms="5594" status="PASS">
          <params>
            <param index="0">
              <value>
                <![CDATA[onkeshwarnath@gmail.com]]>
              </value>
            </param>
            <param index="1">
              <value>
                <![CDATA[Archana@151090]]>
              </value>
            </param>
          </params>
          <reporter-output>
          </reporter-output>
        </test-method> <!-- testValidLogin -->
        <test-method is-config="true" signature="tearDown(org.testng.ITestResult)[pri:0, instance:tests.LoginTest@692f203f]" started-at="2026-01-05T12:58:34 IST" name="tearDown" finished-at="2026-01-05T12:58:34 IST" duration-ms="204" status="PASS">
          <params>
            <param index="0">
              <value>
                <![CDATA[[TestResult name=testValidLogin status=SUCCESS method=LoginTest.testValidLogin(java.lang.String,java.lang.String)[pri:0, instance:tests.LoginTest@692f203f] output={null}]]]>
              </value>
            </param>
          </params>
          <reporter-output>
          </reporter-output>
        </test-method> <!-- tearDown -->
        <test-method is-config="true" signature="teardownReport()[pri:0, instance:tests.LoginTest@692f203f]" started-at="2026-01-05T12:58:34 IST" name="teardownReport" finished-at="2026-01-05T12:58:38 IST" duration-ms="4452" status="PASS">
          <reporter-output>
          </reporter-output>
        </test-method> <!-- teardownReport -->
      </class> <!-- tests.LoginTest -->
    </test> <!-- Default test -->
  </suite> <!-- Default suite -->
</testng-results>
