<?xml version="1.0" encoding="UTF-8"?>
<!-- Generated by org.testng.reporters.JUnitReportReporter -->
<testsuite hostname="LAPTOP-3O5B4B3K" failures="0" tests="3" name="tests.LoginTest" time="22.450" errors="0" timestamp="2025-12-24T12:45:14 IST" skipped="0">
  <testcase classname="tests.LoginTest" name="testValidLogin" time="7.260"/>
  <testcase classname="tests.LoginTest" name="testValidLogin" time="7.995"/>
  <testcase classname="tests.LoginTest" name="testValidLogin" time="7.195"/>
</testsuite> <!-- tests.LoginTest -->
