<?xml version="1.0" encoding="UTF-8"?>
<!-- Generated by org.testng.reporters.JUnitReportReporter -->
<testsuite hostname="LAPTOP-3O5B4B3K" failures="0" tests="3" name="tests.LoginTest" time="24.005" errors="0" timestamp="2026-01-02T07:55:44 IST" skipped="0">
  <testcase classname="tests.LoginTest" name="testValidLogin" time="7.261"/>
  <testcase classname="tests.LoginTest" name="testValidLogin" time="7.340"/>
  <testcase classname="tests.LoginTest" name="testValidLogin" time="9.404"/>
</testsuite> <!-- tests.LoginTest -->
